g:\documents\github\download-and-clip\x64\release\moc_download_and_clip.obj
g:\documents\github\download-and-clip\x64\release\qrc_download_and_clip.obj
g:\documents\github\download-and-clip\x64\release\main.obj
g:\documents\github\download-and-clip\x64\release\download_and_clip.obj
g:\documents\github\download-and-clip\x64\release\uic\ui_download_and_clip.h
g:\documents\github\download-and-clip\x64\release\rcc\qrc_download_and_clip.cpp
g:\documents\github\download-and-clip\x64\release\moc\moc_download_and_clip.cpp
g:\documents\github\download-and-clip\x64\release\vcpkg.applocal.log
g:\documents\github\download-and-clip\x64\release\libcurl.dll
g:\documents\github\download-and-clip\x64\release\zlib1.dll
g:\documents\github\download-and-clip\x64\release\download_and_clip.exe
g:\documents\github\download-and-clip\x64\release\\moc\moc_download_and_clip.cpp
g:\documents\github\download-and-clip\x64\release\download_and_clip.res
g:\documents\github\download-and-clip\x64\release\\rcc\qrc_download_and_clip.cpp
g:\documents\github\download-and-clip\x64\release\\uic\ui_download_and_clip.h
g:\documents\github\download-and-clip\x64\release\download.8965a24d.tlog\cl.command.1.tlog
g:\documents\github\download-and-clip\x64\release\download.8965a24d.tlog\cl.read.1.tlog
g:\documents\github\download-and-clip\x64\release\download.8965a24d.tlog\cl.write.1.tlog
g:\documents\github\download-and-clip\x64\release\download.8965a24d.tlog\download_and_clip.write.1u.tlog
g:\documents\github\download-and-clip\x64\release\download.8965a24d.tlog\link.command.1.tlog
g:\documents\github\download-and-clip\x64\release\download.8965a24d.tlog\link.read.1.tlog
g:\documents\github\download-and-clip\x64\release\download.8965a24d.tlog\link.write.1.tlog
g:\documents\github\download-and-clip\x64\release\download.8965a24d.tlog\moc.read.1u.tlog
g:\documents\github\download-and-clip\x64\release\download.8965a24d.tlog\moc.write.1u.tlog
g:\documents\github\download-and-clip\x64\release\download.8965a24d.tlog\rc.command.1.tlog
g:\documents\github\download-and-clip\x64\release\download.8965a24d.tlog\rc.read.1.tlog
g:\documents\github\download-and-clip\x64\release\download.8965a24d.tlog\rc.write.1.tlog
g:\documents\github\download-and-clip\x64\release\download.8965a24d.tlog\rcc.read.1u.tlog
g:\documents\github\download-and-clip\x64\release\download.8965a24d.tlog\rcc.write.1u.tlog
g:\documents\github\download-and-clip\x64\release\download.8965a24d.tlog\uic.read.1u.tlog
g:\documents\github\download-and-clip\x64\release\download.8965a24d.tlog\uic.write.1u.tlog
